<?xml version="1.0" encoding="UTF-8"?>
<testsuite xmlns:xsi="http://www.w3.org/2001/XMLSchema-instance" xsi:noNamespaceSchemaLocation="https://maven.apache.org/surefire/maven-surefire-plugin/xsd/surefire-test-report-3.0.xsd" version="3.0" name="example.ExamplesTest" time="0.134" tests="1" errors="1" skipped="0" failures="0">
  <properties>
[...]
</properties>
  <testcase name="testParallel" classname="example.ExamplesTest" time="0.123">
    <error message="org/slf4j/helpers/ThreadLocalMapOfStacks" type="java.lang.NoClassDefFoundError"><![CDATA[java.lang.NoClassDefFoundError: org/slf4j/helpers/ThreadLocalMapOfStacks
	at ch.qos.logback.classic.util.LogbackMDCAdapter.<init>(LogbackMDCAdapter.java:49)
	at ch.qos.logback.classic.spi.LogbackServiceProvider.initialize(LogbackServiceProvider.java:44)
	at org.slf4j.LoggerFactory.bind(LoggerFactory.java:151)
	at org.slf4j.LoggerFactory.performInitialization(LoggerFactory.java:139)
	at org.slf4j.LoggerFactory.getProvider(LoggerFactory.java:417)
	at org.slf4j.LoggerFactory.getILoggerFactory(LoggerFactory.java:403)
	at org.slf4j.LoggerFactory.getLogger(LoggerFactory.java:352)
	at org.slf4j.LoggerFactory.getLogger(LoggerFactory.java:378)
	at com.intuit.karate.Runner.<clinit>(Runner.java:49)
	at example.ExamplesTest.testParallel(ExamplesTest.java:12)
	at java.base/java.lang.reflect.Method.invoke(Method.java:580)
	at java.base/java.util.ArrayList.forEach(ArrayList.java:1597)
	at java.base/java.util.ArrayList.forEach(ArrayList.java:1597)
Caused by: java.lang.ClassNotFoundException: org.slf4j.helpers.ThreadLocalMapOfStacks
	at java.base/jdk.internal.loader.BuiltinClassLoader.loadClass(BuiltinClassLoader.java:641)
	at java.base/jdk.internal.loader.ClassLoaders$AppClassLoader.loadClass(ClassLoaders.java:188)
	at java.base/java.lang.ClassLoader.loadClass(ClassLoader.java:525)
	... 13 more
]]></error>
  </testcase>
</testsuite>